Tue Nov 24 16:03:22 2015:: Task added to queue: geo_json
Tue Nov 24 16:07:33 2015:: Task added to queue: geo_json
Tue Nov 24 16:09:48 2015:: Task added to queue: shutdown
Mon Dec  7 12:29:34 2015:: Task added to queue: geo_json
Mon Dec  7 12:30:47 2015:: Task added to queue: check_new_shakemaps
Mon Dec  7 12:37:21 2015:: Task added to queue: shutdown
Mon Dec  7 12:37:21 2015:: 
Mon Dec  7 12:53:06 2015:: Task added to queue: check
Mon Dec  7 12:53:09 2015:: failed to process new shakemaps: 
Mon Dec  7 12:54:25 2015:: Task added to queue: check
Mon Dec  7 12:54:28 2015:: failed to process new shakemaps: 
Mon Dec  7 12:55:33 2015:: Task added to queue: shutdown
Mon Dec  7 12:55:33 2015:: 
Mon Dec  7 13:05:30 2015:: Task added to queue: check
Mon Dec  7 13:05:33 2015:: failed to process new shakemaps: 
Mon Dec  7 13:45:37 2015:: Task added to queue: ui_exit
Mon Dec  7 13:45:37 2015:: 
Mon Dec  7 13:58:05 2015:: Task added to queue: loop
Mon Dec  7 13:58:06 2015:: 
Mon Dec  7 14:00:44 2015:: Task added to queue: shutdown
Mon Dec  7 14:00:44 2015:: 
Mon Dec  7 14:04:10 2015:: Task added to queue: ui_exit
Mon Dec  7 14:05:03 2015:: 
Mon Dec  7 14:05:21 2015:: Task added to queue: check
Mon Dec  7 14:23:44 2015:: Task added to queue: check
Mon Dec  7 14:24:38 2015:: Task added to queue: check
Mon Dec  7 14:24:40 2015:: failed to process new shakemaps: 
Mon Dec  7 14:26:13 2015:: Task added to queue: shutdown
Mon Dec  7 14:26:14 2015:: 
Mon Dec  7 14:26:21 2015:: Task added to queue: shutdown
Mon Dec  7 14:26:54 2015:: Task added to queue: ui_exit
Mon Dec  7 14:26:55 2015:: 
Mon Dec  7 14:47:08 2015:: Task added to queue: shutdown
Mon Dec  7 14:47:08 2015:: 
Mon Dec  7 14:48:17 2015:: Task added to queue: check
Mon Dec  7 14:48:19 2015:: failed to process new shakemaps: 
Mon Dec  7 15:15:58 2015:: Task added to queue: shutdown
Mon Dec  7 15:15:59 2015:: 
Mon Dec  7 15:18:17 2015:: Task added to queue: shutdown
Mon Dec  7 15:18:17 2015:: 
Mon Dec  7 15:20:00 2015:: Task added to queue: check
Mon Dec  7 15:20:00 2015:: failed to access databasefailed to process new shakemaps: 
Mon Dec  7 15:20:38 2015:: Task added to queue: shutdown
Mon Dec  7 15:20:39 2015:: 
Thu Dec 10 10:05:42 2015:: Task added to queue: check
Thu Dec 10 10:06:29 2015:: Task added to queue: shutdown
Thu Dec 10 10:06:30 2015:: 
Thu Dec 10 10:08:04 2015:: Task added to queue: shutdown
Thu Dec 10 10:08:05 2015:: 
Thu Dec 10 10:19:40 2015:: Task added to queue: check_new_shakemaps
Thu Dec 10 10:20:40 2015:: Task added to queue: shutdown
Thu Dec 10 10:20:41 2015:: 
Thu Dec 10 10:51:42 2015:: Task added to queue: shutdown
Thu Dec 10 10:51:42 2015:: 
Thu Dec 10 10:53:23 2015:: Task added to queue: check_new_shakemaps
Thu Dec 10 10:54:19 2015:: Task added to queue: shutdown
Thu Dec 10 10:54:19 2015:: 
Thu Dec 10 10:59:13 2015:: Task added to queue: ui_exit
Thu Dec 10 10:59:14 2015:: 
Thu Dec 10 11:00:22 2015:: Task added to queue: <function geo_json at 0x10bec45f0>
Thu Dec 10 11:00:59 2015:: Task added to queue: check_new_shakemaps
Thu Dec 10 11:02:13 2015:: Task added to queue: <function geo_json at 0x10f7165f0>
Thu Dec 10 11:02:25 2015:: Task added to queue: check_new_shakemaps
Thu Dec 10 11:05:58 2015:: Task added to queue: shutdown
Thu Dec 10 11:05:58 2015:: 
Thu Dec 10 11:06:13 2015:: Task added to queue: <function geo_json at 0x1094c45f0>
Thu Dec 10 11:06:34 2015:: Task added to queue: check_new_shakemaps
Thu Dec 10 11:10:26 2015:: Task added to queue: shutdown
Thu Dec 10 11:10:27 2015:: 
Thu Dec 10 11:11:43 2015:: Task added to queue: <function geo_json at 0x107b765f0>
Thu Dec 10 11:11:51 2015:: Task added to queue: check_new_shakemaps
Fri Dec 11 09:16:56 2015:: Task added to queue: shutdown
Fri Dec 11 09:16:57 2015:: 
Fri Dec 11 09:20:25 2015:: Task added to queue: check_new_shakemaps
Fri Dec 11 09:21:28 2015:: Task added to queue: <function geo_json at 0x10f0a45f0>
Fri Dec 11 09:24:01 2015:: Task added to queue: shutdown
Fri Dec 11 09:24:02 2015:: 
