Tue Nov 24 16:03:23 2015:: Failed to download ShakeMap products:                       Check internet connection and firewall settings
Tue Nov 24 16:07:33 2015:: Failed to download ShakeMap products:                       Check internet connection and firewall settings
Tue Nov 24 16:09:48 2015:: 
Mon Dec  7 12:37:21 2015:: 
Mon Dec  7 12:53:09 2015:: failed to process new shakemaps: 
Mon Dec  7 12:54:28 2015:: failed to process new shakemaps: 
Mon Dec  7 12:55:33 2015:: 
Mon Dec  7 13:05:33 2015:: failed to process new shakemaps: 
Mon Dec  7 13:45:37 2015:: 
Mon Dec  7 13:58:06 2015:: 
Mon Dec  7 14:00:44 2015:: 
Mon Dec  7 14:05:03 2015:: 
Mon Dec  7 14:24:40 2015:: failed to process new shakemaps: 
Mon Dec  7 14:26:14 2015:: 
Mon Dec  7 14:26:55 2015:: 
Mon Dec  7 14:47:08 2015:: 
Mon Dec  7 14:48:19 2015:: failed to process new shakemaps: 
Mon Dec  7 15:15:59 2015:: 
Mon Dec  7 15:18:17 2015:: 
Mon Dec  7 15:20:00 2015:: failed to access databasefailed to process new shakemaps: 
Mon Dec  7 15:20:39 2015:: 
Thu Dec 10 10:06:30 2015:: 
Thu Dec 10 10:08:05 2015:: 
Thu Dec 10 10:20:41 2015:: 
Thu Dec 10 10:51:42 2015:: 
Thu Dec 10 10:54:19 2015:: 
Thu Dec 10 10:59:14 2015:: 
Thu Dec 10 11:05:58 2015:: 
Thu Dec 10 11:10:27 2015:: 
Fri Dec 11 09:16:57 2015:: 
Fri Dec 11 09:24:02 2015:: 
Fri Dec 11 15:13:44 2015:: 
Fri Dec 11 15:36:39 2015:: 
